<?xml version="1.0" encoding="UTF-8"?>
<testng-results skipped="0" failed="0" total="1" passed="1">
  <reporter-output>
  </reporter-output>
  <suite name="Default suite" duration-ms="2073" started-at="2019-04-12T09:36:15Z" finished-at="2019-04-12T09:36:17Z">
    <groups>
    </groups>
    <test name="Default test" duration-ms="2073" started-at="2019-04-12T09:36:15Z" finished-at="2019-04-12T09:36:17Z">
      <class name="test.demo">
        <test-method status="PASS" signature="GetWeatherDetails()[pri:0, instance:test.demo@6debcae2]" name="GetWeatherDetails" duration-ms="2058" started-at="2019-04-12T10:36:15Z" finished-at="2019-04-12T10:36:17Z">
          <reporter-output>
          </reporter-output>
        </test-method> <!-- GetWeatherDetails -->
      </class> <!-- test.demo -->
    </test> <!-- Default test -->
  </suite> <!-- Default suite -->
</testng-results>
